[debug] [2026-06-08T18:06:50.497Z] ----------------------------------------------------------------------
[debug] [2026-06-08T18:06:50.499Z] Command:       /Users/william/.nvm/versions/node/v22.22.3/bin/node /Users/william/.nvm/versions/node/v22.22.3/bin/firebase init
[debug] [2026-06-08T18:06:50.499Z] CLI Version:   15.19.1
[debug] [2026-06-08T18:06:50.499Z] Platform:      darwin
[debug] [2026-06-08T18:06:50.500Z] Node Version:  v22.22.3
[debug] [2026-06-08T18:06:50.500Z] Time:          Mon Jun 08 2026 13:06:50 GMT-0500 (Central Daylight Time)
[debug] [2026-06-08T18:06:50.500Z] ----------------------------------------------------------------------
[debug] 
[info] 
     ######## #### ########  ######## ########     ###     ######  ########
     ##        ##  ##     ## ##       ##     ##  ##   ##  ##       ##
     ######    ##  ########  ######   ########  #########  ######  ######
     ##        ##  ##    ##  ##       ##     ## ##     ##       ## ##
     ##       #### ##     ## ######## ########  ##     ##  ######  ########

You're about to initialize a Firebase project in this directory:

  /Users/william/code/baphomet-babes

Before we get started, keep in mind:

  * You are initializing within an existing Firebase project directory

[info] 
=== Project Setup
[info] 
[info] First, let's associate this project directory with a Firebase project.
[info] You can create multiple project aliases by running firebase use --add, 
[info] 
[debug] [2026-06-08T18:07:14.896Z] > command requires scopes: ["email","openid","https://www.googleapis.com/auth/cloudplatformprojects.readonly","https://www.googleapis.com/auth/firebase","https://www.googleapis.com/auth/cloud-platform"]
[debug] [2026-06-08T18:07:14.896Z] > authorizing via signed-in user (billy.reynolds@gmail.com)
[debug] [2026-06-08T18:07:14.897Z] Checked if tokens are valid: true, expires at: 1780945598709
[debug] [2026-06-08T18:07:14.897Z] Checked if tokens are valid: true, expires at: 1780945598709
[debug] [2026-06-08T18:07:14.898Z] >>> [apiv2][query] GET https://firebase.googleapis.com/v1beta1/projects/baphometbabes-com [none]
[debug] [2026-06-08T18:07:15.388Z] <<< [apiv2][status] GET https://firebase.googleapis.com/v1beta1/projects/baphometbabes-com 403
[debug] [2026-06-08T18:07:15.388Z] <<< [apiv2][body] GET https://firebase.googleapis.com/v1beta1/projects/baphometbabes-com {"error":{"code":403,"message":"The caller does not have permission","status":"PERMISSION_DENIED"}}
[debug] [2026-06-08T18:07:15.389Z] Request to https://firebase.googleapis.com/v1beta1/projects/baphometbabes-com had HTTP Error: 403, The caller does not have permission
[debug] [2026-06-08T18:07:15.415Z] FirebaseError: Request to https://firebase.googleapis.com/v1beta1/projects/baphometbabes-com had HTTP Error: 403, The caller does not have permission
    at responseToError (/Users/william/.nvm/versions/node/v22.22.3/lib/node_modules/firebase-tools/lib/responseToError.js:53:12)
    at RetryOperation._fn (/Users/william/.nvm/versions/node/v22.22.3/lib/node_modules/firebase-tools/lib/apiv2.js:333:77)
    at process.processTicksAndRejections (node:internal/process/task_queues:103:5)
[error] 
[error] Error: Failed to get Firebase project baphometbabes-com. Please make sure the project exists and your account has permission to access it.
[debug] [2026-06-08T18:07:46.048Z] ----------------------------------------------------------------------
[debug] [2026-06-08T18:07:46.206Z] Command:       /Users/william/.nvm/versions/node/v22.22.3/bin/node /Users/william/.nvm/versions/node/v22.22.3/bin/firebase init
[debug] [2026-06-08T18:07:46.206Z] CLI Version:   15.19.1
[debug] [2026-06-08T18:07:46.206Z] Platform:      darwin
[debug] [2026-06-08T18:07:46.206Z] Node Version:  v22.22.3
[debug] [2026-06-08T18:07:46.207Z] Time:          Mon Jun 08 2026 13:07:46 GMT-0500 (Central Daylight Time)
[debug] [2026-06-08T18:07:46.207Z] ----------------------------------------------------------------------
[debug] 
[info] 
     ######## #### ########  ######## ########     ###     ######  ########
     ##        ##  ##     ## ##       ##     ##  ##   ##  ##       ##
     ######    ##  ########  ######   ########  #########  ######  ######
     ##        ##  ##    ##  ##       ##     ## ##     ##       ## ##
     ##       #### ##     ## ######## ########  ##     ##  ######  ########

You're about to initialize a Firebase project in this directory:

  /Users/william/code/baphomet-babes

Before we get started, keep in mind:

  * You are initializing within an existing Firebase project directory

[debug] [2026-06-08T18:23:59.498Z] ExitPromptError: User force closed the prompt with SIGINT
    at Interface.sigint (/Users/william/.nvm/versions/node/v22.22.3/lib/node_modules/firebase-tools/node_modules/@inquirer/core/dist/commonjs/lib/create-prompt.js:101:37)
    at Interface.emit (node:events:519:28)
    at [_ttyWrite] [as _ttyWrite] (node:internal/readline/interface:1144:18)
    at ReadStream.onkeypress (node:internal/readline/interface:271:20)
    at ReadStream.emit (node:events:531:35)
    at emitKeys (node:internal/readline/utils:370:14)
    at emitKeys.next (<anonymous>)
    at ReadStream.onData (node:internal/readline/emitKeypressEvents:64:36)
    at ReadStream.emit (node:events:519:28)
    at addChunk (node:internal/streams/readable:561:12)
[error] 
[error] Error: An unexpected error has occurred.
